2022/01/06 04:50:20 [warn] 1#1: the "user" directive makes sense only if the master process runs with super-user privileges, ignored in /etc/nginx/nginx.conf:2
2022/01/06 04:50:20 [notice] 1#1: using the "epoll" event method
2022/01/06 04:50:20 [notice] 1#1: nginx/1.21.5
2022/01/06 04:50:20 [notice] 1#1: built by gcc 10.3.1 20211027 (Alpine 10.3.1_git20211027) 
2022/01/06 04:50:20 [notice] 1#1: OS: Linux 5.16.0-0.rc7.20211231git4f3d93c6eaff.52.vanilla.1
2022/01/06 04:50:20 [notice] 1#1: getrlimit(RLIMIT_NOFILE): 1048576:1048576
2022/01/06 04:50:20 [notice] 1#1: start worker processes
2022/01/06 04:50:20 [notice] 1#1: start worker process 22
2022/01/06 04:50:20 [notice] 1#1: start worker process 23
2022/01/06 04:50:20 [notice] 1#1: start worker process 24
2022/01/06 04:50:20 [notice] 1#1: start worker process 25
2022/01/06 04:50:20 [notice] 1#1: start worker process 26
2022/01/06 04:50:20 [notice] 1#1: start worker process 27
2022/01/06 04:50:20 [notice] 1#1: start worker process 28
2022/01/06 04:50:20 [notice] 1#1: start worker process 29
2022/01/06 04:50:20 [notice] 1#1: start worker process 30
2022/01/06 04:50:20 [notice] 1#1: start worker process 31
2022/01/06 04:50:20 [notice] 1#1: start worker process 32
2022/01/06 04:50:20 [notice] 1#1: start worker process 33
2022/01/06 04:50:20 [notice] 1#1: start worker process 34
2022/01/06 04:50:20 [notice] 1#1: start worker process 35
2022/01/06 04:50:20 [notice] 1#1: start worker process 36
2022/01/06 04:50:20 [notice] 1#1: start worker process 37
2022/01/06 04:50:20 [notice] 1#1: signal 3 (SIGQUIT) received, shutting down
2022/01/06 04:50:20 [notice] 23#23: gracefully shutting down
2022/01/06 04:50:20 [notice] 24#24: gracefully shutting down
2022/01/06 04:50:20 [notice] 23#23: exiting
2022/01/06 04:50:20 [notice] 26#26: gracefully shutting down
2022/01/06 04:50:20 [notice] 22#22: gracefully shutting down
2022/01/06 04:50:20 [notice] 25#25: gracefully shutting down
2022/01/06 04:50:20 [notice] 29#29: gracefully shutting down
2022/01/06 04:50:20 [notice] 28#28: gracefully shutting down
2022/01/06 04:50:20 [notice] 29#29: exiting
2022/01/06 04:50:20 [notice] 34#34: gracefully shutting down
2022/01/06 04:50:20 [notice] 36#36: gracefully shutting down
2022/01/06 04:50:20 [notice] 35#35: gracefully shutting down
2022/01/06 04:50:20 [notice] 28#28: exiting
2022/01/06 04:50:20 [notice] 37#37: gracefully shutting down
2022/01/06 04:50:20 [notice] 34#34: exiting
2022/01/06 04:50:20 [notice] 36#36: exiting
2022/01/06 04:50:20 [notice] 35#35: exiting
2022/01/06 04:50:20 [notice] 37#37: exiting
2022/01/06 04:50:20 [notice] 23#23: exit
2022/01/06 04:50:20 [notice] 29#29: exit
2022/01/06 04:50:20 [notice] 28#28: exit
2022/01/06 04:50:20 [notice] 34#34: exit
2022/01/06 04:50:20 [notice] 37#37: exit
2022/01/06 04:50:20 [notice] 36#36: exit
2022/01/06 04:50:20 [notice] 35#35: exit
2022/01/06 04:50:20 [notice] 24#24: exiting
2022/01/06 04:50:20 [notice] 32#32: gracefully shutting down
2022/01/06 04:50:20 [notice] 25#25: exiting
2022/01/06 04:50:20 [notice] 32#32: exiting
2022/01/06 04:50:20 [notice] 30#30: gracefully shutting down
2022/01/06 04:50:20 [notice] 27#27: gracefully shutting down
2022/01/06 04:50:20 [notice] 30#30: exiting
2022/01/06 04:50:20 [notice] 31#31: gracefully shutting down
2022/01/06 04:50:20 [notice] 27#27: exiting
2022/01/06 04:50:20 [notice] 31#31: exiting
2022/01/06 04:50:20 [notice] 24#24: exit
2022/01/06 04:50:20 [notice] 25#25: exit
2022/01/06 04:50:20 [notice] 27#27: exit
2022/01/06 04:50:20 [notice] 32#32: exit
2022/01/06 04:50:20 [notice] 30#30: exit
2022/01/06 04:50:20 [notice] 31#31: exit
2022/01/06 04:50:20 [notice] 26#26: exiting
2022/01/06 04:50:20 [notice] 22#22: exiting
2022/01/06 04:50:20 [notice] 33#33: gracefully shutting down
2022/01/06 04:50:20 [notice] 33#33: exiting
2022/01/06 04:50:20 [notice] 26#26: exit
2022/01/06 04:50:20 [notice] 22#22: exit
2022/01/06 04:50:20 [notice] 33#33: exit
2022/01/06 04:50:20 [notice] 1#1: signal 17 (SIGCHLD) received from 30
2022/01/06 04:50:20 [notice] 1#1: worker process 30 exited with code 0
2022/01/06 04:50:20 [notice] 1#1: worker process 32 exited with code 0
2022/01/06 04:50:20 [notice] 1#1: signal 29 (SIGIO) received
2022/01/06 04:50:20 [notice] 1#1: signal 17 (SIGCHLD) received from 27
2022/01/06 04:50:20 [notice] 1#1: worker process 22 exited with code 0
2022/01/06 04:50:20 [notice] 1#1: worker process 23 exited with code 0
2022/01/06 04:50:20 [notice] 1#1: worker process 24 exited with code 0
2022/01/06 04:50:20 [notice] 1#1: worker process 25 exited with code 0
2022/01/06 04:50:20 [notice] 1#1: worker process 27 exited with code 0
2022/01/06 04:50:20 [notice] 1#1: worker process 31 exited with code 0
2022/01/06 04:50:20 [notice] 1#1: worker process 33 exited with code 0
2022/01/06 04:50:20 [notice] 1#1: worker process 34 exited with code 0
2022/01/06 04:50:20 [notice] 1#1: worker process 35 exited with code 0
2022/01/06 04:50:20 [notice] 1#1: worker process 36 exited with code 0
2022/01/06 04:50:20 [notice] 1#1: worker process 37 exited with code 0
2022/01/06 04:50:20 [notice] 1#1: signal 29 (SIGIO) received
2022/01/06 04:50:20 [notice] 1#1: signal 17 (SIGCHLD) received from 35
2022/01/06 04:50:20 [notice] 1#1: signal 17 (SIGCHLD) received from 29
2022/01/06 04:50:20 [notice] 1#1: worker process 29 exited with code 0
2022/01/06 04:50:20 [notice] 1#1: signal 29 (SIGIO) received
2022/01/06 04:50:20 [notice] 1#1: signal 17 (SIGCHLD) received from 26
2022/01/06 04:50:20 [notice] 1#1: worker process 26 exited with code 0
2022/01/06 04:50:20 [notice] 1#1: signal 29 (SIGIO) received
2022/01/06 04:50:20 [notice] 1#1: signal 17 (SIGCHLD) received from 28
2022/01/06 04:50:20 [notice] 1#1: worker process 28 exited with code 0
2022/01/06 04:50:20 [notice] 1#1: exit
2022/01/06 04:50:29 [warn] 1#1: the "user" directive makes sense only if the master process runs with super-user privileges, ignored in /etc/nginx/nginx.conf:2
2022/01/06 04:50:29 [notice] 1#1: using the "epoll" event method
2022/01/06 04:50:29 [notice] 1#1: nginx/1.21.5
2022/01/06 04:50:29 [notice] 1#1: built by gcc 10.3.1 20211027 (Alpine 10.3.1_git20211027) 
2022/01/06 04:50:29 [notice] 1#1: OS: Linux 5.16.0-0.rc7.20211231git4f3d93c6eaff.52.vanilla.1
2022/01/06 04:50:29 [notice] 1#1: getrlimit(RLIMIT_NOFILE): 1048576:1048576
2022/01/06 04:50:29 [notice] 1#1: start worker processes
2022/01/06 04:50:29 [notice] 1#1: start worker process 23
2022/01/06 04:50:29 [notice] 1#1: start worker process 24
2022/01/06 04:50:29 [notice] 1#1: start worker process 25
2022/01/06 04:50:29 [notice] 1#1: start worker process 26
2022/01/06 04:50:29 [notice] 1#1: start worker process 27
2022/01/06 04:50:29 [notice] 1#1: start worker process 28
2022/01/06 04:50:29 [notice] 1#1: start worker process 29
2022/01/06 04:50:29 [notice] 1#1: start worker process 30
2022/01/06 04:50:29 [notice] 1#1: start worker process 31
2022/01/06 04:50:29 [notice] 1#1: start worker process 32
2022/01/06 04:50:29 [notice] 1#1: start worker process 33
2022/01/06 04:50:29 [notice] 1#1: start worker process 34
2022/01/06 04:50:29 [notice] 1#1: start worker process 35
2022/01/06 04:50:29 [notice] 1#1: start worker process 36
2022/01/06 04:50:29 [notice] 1#1: start worker process 37
2022/01/06 04:50:29 [notice] 1#1: start worker process 38
